frontend/modules/betapp-shield/android/build/intermediates/manifest_merge_blame_file/release/processReleaseManifest/manifest-merger-blame-release-report.txt
1<?xml version="1.0" encoding="utf-8"?>
2<manifest xmlns:android="http://schemas.android.com/apk/res/android"
3    package="expo.modules.betappshield" >
4
5    <uses-sdk android:minSdkVersion="24" />
6
7    <uses-permission android:name="android.permission.INTERNET" />
7-->src\main\AndroidManifest.xml:2:3-65
7-->src\main\AndroidManifest.xml:2:20-62
8    <uses-permission android:name="android.permission.FOREGROUND_SERVICE" />
8-->src\main\AndroidManifest.xml:3:3-75
8-->src\main\AndroidManifest.xml:3:20-72
9    <uses-permission android:name="android.permission.FOREGROUND_SERVICE_SPECIAL_USE" />
9-->src\main\AndroidManifest.xml:4:3-87
9-->src\main\AndroidManifest.xml:4:20-84
10
11    <application>
11-->src\main\AndroidManifest.xml:6:3-19:17
12        <service
12-->src\main\AndroidManifest.xml:7:5-18:15
13            android:name="expo.modules.betappshield.BetappShieldVpnService"
13-->src\main\AndroidManifest.xml:8:7-45
14            android:exported="false"
14-->src\main\AndroidManifest.xml:9:7-31
15            android:foregroundServiceType="specialUse"
15-->src\main\AndroidManifest.xml:10:7-49
16            android:permission="android.permission.BIND_VPN_SERVICE" >
16-->src\main\AndroidManifest.xml:11:7-63
17            <intent-filter>
17-->src\main\AndroidManifest.xml:12:7-14:23
18                <action android:name="android.net.VpnService" />
18-->src\main\AndroidManifest.xml:13:9-57
18-->src\main\AndroidManifest.xml:13:17-54
19            </intent-filter>
20
21            <property
21-->src\main\AndroidManifest.xml:15:7-17:93
22                android:name="android.app.PROPERTY_SPECIAL_USE_FGS_SUBTYPE"
22-->src\main\AndroidManifest.xml:16:9-68
23                android:value="Local DNS filter that blocks gambling websites chosen by the user" />
23-->src\main\AndroidManifest.xml:17:9-90
24        </service>
25    </application>
26
27</manifest>